<?xml version="1.0" encoding="UTF-8"?>
<!-- Generated by org.testng.reporters.JUnitReportReporter -->
<testsuite skipped="0" hostname="LAPTOP-B0EANC92" name="com.AutoDesk.contacts.createContactwithOrgTest" tests="1" failures="0" timestamp="2022-01-03T17:14:53 IST" time="30.790" errors="0">
  <testcase name="createContactwithOrgTest" time="30.790" classname="com.AutoDesk.contacts.createContactwithOrgTest"/>
  <system-out/>
</testsuite> <!-- com.AutoDesk.contacts.createContactwithOrgTest -->
