<?xml version="1.0" encoding="UTF-8"?>
<!-- Generated by org.testng.reporters.JUnitReportReporter -->
<testsuite skipped="0" hostname="LAPTOP-B0EANC92" name="com.AutoDesk.contacts.CreateContacttTest" tests="2" failures="0" timestamp="2021-12-29T10:17:06 IST" time="32.627" errors="0">
  <testcase name="CreateContacttTest" time="16.435" classname="com.AutoDesk.contacts.CreateContacttTest"/>
  <system-out/>
  <testcase name="CreateContacttTest" time="16.192" classname="com.AutoDesk.contacts.CreateContacttTest"/>
  <system-out/>
</testsuite> <!-- com.AutoDesk.contacts.CreateContacttTest -->
