<?xml version="1.0" encoding="UTF-8"?>
<!-- Generated by org.testng.reporters.JUnitReportReporter -->
<testsuite skipped="0" hostname="LAPTOP-B0EANC92" name="com.Crm.Products.EditStockInfoTest" tests="1" failures="0" timestamp="2021-12-26T11:14:35 IST" time="12.622" errors="0">
  <testcase name="EditStockInfoTest" time="12.622" classname="com.Crm.Products.EditStockInfoTest"/>
  <system-out/>
</testsuite> <!-- com.Crm.Products.EditStockInfoTest -->
