<?xml version="1.0" encoding="UTF-8"?>
<!-- Generated by org.testng.reporters.JUnitReportReporter -->
<testsuite skipped="0" hostname="LAPTOP-B0EANC92" name="com.Crm.Autodesk.Org.CreateOrgwithInduAndTypeTest" tests="1" failures="0" timestamp="2022-01-26T13:14:57 IST" time="20.412" errors="0">
  <testcase name="CreateOrgwithInduAndTypeTest" time="20.412" classname="com.Crm.Autodesk.Org.CreateOrgwithInduAndTypeTest"/>
  <system-out/>
</testsuite> <!-- com.Crm.Autodesk.Org.CreateOrgwithInduAndTypeTest -->
