<?xml version="1.0" encoding="UTF-8"?>
<!-- Generated by org.testng.reporters.JUnitReportReporter -->
<testsuite skipped="0" hostname="LAPTOP-B0EANC92" name="Serialization.EmployeDetails" tests="1" failures="0" timestamp="2022-02-16T21:51:43 IST" time="0.173" errors="0">
  <testcase name="serialization" time="0.173" classname="Serialization.EmployeDetails"/>
  <system-out/>
</testsuite> <!-- Serialization.EmployeDetails -->
