<?xml version="1.0" encoding="UTF-8"?>
<!-- Generated by org.testng.reporters.JUnitReportReporter -->
<testsuite skipped="0" hostname="LAPTOP-B0EANC92" name="com.Crm.Autodesk.Org.CreateOrgwithInduAndTypeTest" tests="1" failures="0" timestamp="2021-12-27T16:58:11 IST" time="16.026" errors="0">
  <testcase name="CreateOrgwithInduAndTypeTest" time="16.026" classname="com.Crm.Autodesk.Org.CreateOrgwithInduAndTypeTest"/>
  <system-out/>
</testsuite> <!-- com.Crm.Autodesk.Org.CreateOrgwithInduAndTypeTest -->
