<?xml version="1.0" encoding="UTF-8"?>
<!-- Generated by org.testng.reporters.JUnitReportReporter -->
<testsuite skipped="0" hostname="LAPTOP-B0EANC92" name="practice.DataProviderPractice" tests="5" failures="0" timestamp="2021-12-26T18:14:56 IST" time="0.004" errors="0">
  <testcase name="readDatafromdataprovider" time="0.001" classname="practice.DataProviderPractice"/>
  <system-out/>
  <testcase name="readDatafromdataprovider" time="0.001" classname="practice.DataProviderPractice"/>
  <system-out/>
  <testcase name="readDatafromdataprovider" time="0.000" classname="practice.DataProviderPractice"/>
  <system-out/>
  <testcase name="readDatafromdataprovider" time="0.001" classname="practice.DataProviderPractice"/>
  <system-out/>
  <testcase name="readDatafromdataprovider" time="0.001" classname="practice.DataProviderPractice"/>
  <system-out/>
</testsuite> <!-- practice.DataProviderPractice -->
