<?xml version="1.0" encoding="UTF-8"?>
<!-- Generated by org.testng.reporters.JUnitReportReporter -->
<testsuite skipped="0" hostname="LAPTOP-B0EANC92" name="com.Crm.Products.EditProductInfoTest" tests="1" failures="0" timestamp="2021-12-26T11:07:35 IST" time="15.372" errors="0">
  <testcase name="EditProductInfoTest" time="15.372" classname="com.Crm.Products.EditProductInfoTest"/>
  <system-out/>
</testsuite> <!-- com.Crm.Products.EditProductInfoTest -->
