<?xml version="1.0" encoding="UTF-8"?>
<!-- Generated by org.testng.reporters.JUnitReportReporter -->
<testsuite skipped="0" hostname="LAPTOP-B0EANC92" name="Serialization.Deserialization" tests="1" failures="0" timestamp="2022-02-16T21:49:56 IST" time="0.220" errors="0">
  <testcase name="deser" time="0.220" classname="Serialization.Deserialization"/>
  <system-out/>
</testsuite> <!-- Serialization.Deserialization -->
