<?xml version="1.0" encoding="UTF-8"?>
<!-- Generated by org.testng.reporters.JUnitReportReporter -->
<testsuite skipped="0" hostname="LAPTOP-B0EANC92" name="Serialization.EmployeeDetailsWithSpouse" tests="1" failures="0" timestamp="2022-02-16T21:51:33 IST" time="0.164" errors="0">
  <testcase name="serialization" time="0.164" classname="Serialization.EmployeeDetailsWithSpouse"/>
  <system-out/>
</testsuite> <!-- Serialization.EmployeeDetailsWithSpouse -->
