<?xml version="1.0" encoding="UTF-8"?>
<!-- Generated by org.testng.reporters.JUnitReportReporter -->
<testsuite skipped="0" hostname="LAPTOP-B0EANC92" name="practice.DataProviderpracticeTest" tests="3" failures="0" timestamp="2021-12-26T18:14:56 IST" time="0.005" errors="0">
  <testcase name="readDatafromdataproviderTest" time="0.001" classname="practice.DataProviderpracticeTest"/>
  <system-out/>
  <testcase name="readDatafromdataproviderTest" time="0.003" classname="practice.DataProviderpracticeTest"/>
  <system-out/>
  <testcase name="readDatafromdataproviderTest" time="0.001" classname="practice.DataProviderpracticeTest"/>
  <system-out/>
</testsuite> <!-- practice.DataProviderpracticeTest -->
