<?xml version="1.0" encoding="UTF-8"?>
<!-- Generated by org.testng.reporters.JUnitReportReporter -->
<testsuite skipped="0" hostname="LAPTOP-B0EANC92" name="Serialization.EmployeeArrayDetails" tests="1" failures="0" timestamp="2022-02-16T21:51:51 IST" time="0.158" errors="0">
  <testcase name="serialization" time="0.158" classname="Serialization.EmployeeArrayDetails"/>
  <system-out/>
</testsuite> <!-- Serialization.EmployeeArrayDetails -->
