<?xml version="1.0" encoding="UTF-8"?>
<!-- Generated by org.testng.reporters.JUnitReportReporter -->
<testsuite skipped="0" hostname="LAPTOP-B0EANC92" name="com.AutoDesk.contacts.createContactwithOrgTest" tests="1" failures="0" timestamp="2021-12-27T14:30:46 IST" time="31.190" errors="0">
  <testcase name="createContactwithOrgTest" time="31.190" classname="com.AutoDesk.contacts.createContactwithOrgTest"/>
  <system-out/>
</testsuite> <!-- com.AutoDesk.contacts.createContactwithOrgTest -->
